<?xml version="1.0" encoding="UTF-8"?>
<!-- Generated by org.testng.reporters.JUnitReportReporter -->
<testsuite skipped="0" hostname="ITBootcamp" name="web_page.tests.TestRegistration" tests="2" failures="0" timestamp="2019-12-25T20:20:22 CET" time="31.439" errors="0">
  <testcase name="navigateRegistration" time="1.727" classname="web_page.tests.TestRegistration"/>
  <testcase name="testRegistration" time="29.712" classname="web_page.tests.TestRegistration"/>
</testsuite> <!-- web_page.tests.TestRegistration -->
