<?xml version="1.0" encoding="UTF-8"?>
<!-- Generated by org.testng.reporters.JUnitReportReporter -->
<testsuite skipped="0" hostname="ITBootcamp" name="web_page.tests.TestPetStoreHome" tests="3" failures="0" timestamp="2019-12-24T20:14:04 CET" time="13.824" errors="0">
  <testcase name="openHome" time="6.576" classname="web_page.tests.TestPetStoreHome"/>
  <testcase name="navigateHome" time="2.191" classname="web_page.tests.TestPetStoreHome"/>
  <testcase name="enterShop" time="5.057" classname="web_page.tests.TestPetStoreHome"/>
</testsuite> <!-- web_page.tests.TestPetStoreHome -->
