<?xml version="1.0" encoding="UTF-8"?>
<!-- Generated by org.testng.reporters.JUnitReportReporter -->
<testsuite skipped="0" hostname="DESKTOP-CKLNB7R" name="web_page.tests.TestSignIn" tests="3" failures="0" timestamp="2019-12-25T14:12:52 CET" time="14.349" errors="0">
  <testcase name="navigateSignIn" time="2.525" classname="web_page.tests.TestSignIn"/>
  <testcase name="testSignIn" time="7.381" classname="web_page.tests.TestSignIn"/>
  <testcase name="testRegisterLink" time="4.443" classname="web_page.tests.TestSignIn"/>
</testsuite> <!-- web_page.tests.TestSignIn -->
