<?xml version="1.0" encoding="UTF-8"?>
<!-- Generated by org.testng.reporters.JUnitReportReporter -->
<testsuite skipped="0" hostname="ITBootcamp" name="web_page.tests.TestDataChange" tests="1" failures="0" timestamp="2019-12-25T20:37:03 CET" time="20.999" errors="0">
  <testcase name="changeData" time="20.999" classname="web_page.tests.TestDataChange"/>
</testsuite> <!-- web_page.tests.TestDataChange -->
