<?xml version="1.0" encoding="UTF-8"?>
<!-- Generated by org.testng.reporters.JUnitReportReporter -->
<testsuite skipped="0" hostname="ITBootcamp" name="web_page.tests.TestPetStoreMenu" tests="7" failures="0" timestamp="2019-12-25T18:14:34 CET" time="49.588" errors="0">
  <testcase name="navigateMenu" time="3.592" classname="web_page.tests.TestPetStoreMenu"/>
  <testcase name="fish" time="8.591" classname="web_page.tests.TestPetStoreMenu"/>
  <testcase name="dogs" time="10.130" classname="web_page.tests.TestPetStoreMenu"/>
  <testcase name="reptiles" time="7.954" classname="web_page.tests.TestPetStoreMenu"/>
  <testcase name="cats" time="7.953" classname="web_page.tests.TestPetStoreMenu"/>
  <testcase name="birds" time="8.432" classname="web_page.tests.TestPetStoreMenu"/>
  <testcase name="signIn" time="2.936" classname="web_page.tests.TestPetStoreMenu"/>
</testsuite> <!-- web_page.tests.TestPetStoreMenu -->
